<?xml version="1.0" encoding="UTF-8"?>
<testng-results ignored="0" total="1" passed="1" failed="0" skipped="0">
  <reporter-output>
  </reporter-output>
  <suite started-at="2022-05-03T11:33:34 IST" name="Default suite" finished-at="2022-05-03T11:33:38 IST" duration-ms="4509">
    <groups>
    </groups>
    <test started-at="2022-05-03T11:33:34 IST" name="Default test" finished-at="2022-05-03T11:33:38 IST" duration-ms="4509">
      <class name="com.crm.qa.testcases.JSExecutorDemo">
        <test-method is-config="true" signature="setup()[pri:0, instance:com.crm.qa.testcases.JSExecutorDemo@10e41621]" started-at="2022-05-03T11:33:34 IST" name="setup" finished-at="2022-05-03T11:33:38 IST" duration-ms="4044" status="PASS">
          <reporter-output>
          </reporter-output>
        </test-method> <!-- setup -->
        <test-method signature="titleTest()[pri:0, instance:com.crm.qa.testcases.JSExecutorDemo@10e41621]" started-at="2022-05-03T11:33:38 IST" name="titleTest" finished-at="2022-05-03T11:33:38 IST" duration-ms="22" status="PASS">
          <reporter-output>
          </reporter-output>
        </test-method> <!-- titleTest -->
        <test-method is-config="true" signature="tearDown()[pri:0, instance:com.crm.qa.testcases.JSExecutorDemo@10e41621]" started-at="2022-05-03T11:33:38 IST" name="tearDown" finished-at="2022-05-03T11:33:38 IST" duration-ms="388" status="PASS">
          <reporter-output>
          </reporter-output>
        </test-method> <!-- tearDown -->
      </class> <!-- com.crm.qa.testcases.JSExecutorDemo -->
    </test> <!-- Default test -->
  </suite> <!-- Default suite -->
</testng-results>
